<?xml version="1.0" encoding="UTF-8"?>
<!-- Generated by org.testng.reporters.JUnitReportReporter -->
<testsuite hostname="DTPLLPT70" failures="0" tests="6" name="TestCases.LoginPageTesting" time="30.923" errors="0" timestamp="2023-05-22T10:36:30 IST" skipped="0">
  <testcase classname="TestCases.LoginPageTesting" name="verifyTagLine" time="5.951"/>
  <system-out/>
  <testcase classname="TestCases.LoginPageTesting" name="PrintUser" time="2.608"/>
  <system-out/>
  <testcase classname="TestCases.LoginPageTesting" name="readExcelFile1" time="5.805"/>
  <system-out/>
  <testcase classname="TestCases.LoginPageTesting" name="verifyTitleTest" time="2.728"/>
  <system-out/>
  <testcase classname="TestCases.LoginPageTesting" name="verifyFacebookLogoTest" time="3.058"/>
  <system-out/>
  <testcase classname="TestCases.LoginPageTesting" name="loginToAppTest" time="10.773"/>
  <system-out/>
</testsuite> <!-- TestCases.LoginPageTesting -->
