<?xml version="1.0" encoding="UTF-8"?>
<!-- Generated by org.testng.reporters.JUnitReportReporter -->
<testsuite hostname="DTPLLPT70" failures="0" tests="1" name="TestCases.LoginPageTesting" time="5.029" errors="0" timestamp="2023-05-25T17:19:34 IST" skipped="0">
  <testcase classname="TestCases.LoginPageTesting" name="PrintUser" time="5.029"/>
  <system-out/>
</testsuite> <!-- TestCases.LoginPageTesting -->
