<?xml version="1.0" encoding="UTF-8"?>
<!-- Generated by org.testng.reporters.JUnitReportReporter -->
<testsuite hostname="DTPLLPT70" failures="0" tests="6" name="TestCases.LoginPageTesting" time="33.748" errors="0" timestamp="2023-05-22T16:09:34 IST" skipped="0">
  <testcase classname="TestCases.LoginPageTesting" name="verifyTagLine" time="3.158"/>
  <system-out/>
  <testcase classname="TestCases.LoginPageTesting" name="verifyFacebookLogoTest" time="5.955"/>
  <system-out/>
  <testcase classname="TestCases.LoginPageTesting" name="readExcelFile1" time="4.316"/>
  <system-out/>
  <testcase classname="TestCases.LoginPageTesting" name="PrintUser" time="3.155"/>
  <system-out/>
  <testcase classname="TestCases.LoginPageTesting" name="loginToAppTest" time="13.987"/>
  <system-out/>
  <testcase classname="TestCases.LoginPageTesting" name="verifyTitleTest" time="3.177"/>
  <system-out/>
</testsuite> <!-- TestCases.LoginPageTesting -->
