<?xml version="1.0" encoding="UTF-8"?>
<!-- Generated by org.testng.reporters.JUnitReportReporter -->
<testsuite hostname="DTPLLPT70" failures="0" tests="1" name="TestCases.LoginPageTesting" time="5.012" errors="0" timestamp="2023-05-26T15:23:17 IST" skipped="0">
  <testcase classname="TestCases.LoginPageTesting" name="PrintUser" time="5.012"/>
  <system-out/>
</testsuite> <!-- TestCases.LoginPageTesting -->
